<?xml version="1.0" encoding="UTF-8"?>
<testng-results ignored="0" total="1" passed="1" failed="0" skipped="0">
  <reporter-output>
  </reporter-output>
  <suite started-at="2022-03-19T12:06:21Z" name="Default suite" finished-at="2022-03-19T12:06:51Z" duration-ms="30559">
    <groups>
    </groups>
    <test started-at="2022-03-19T12:06:21Z" name="Default test" finished-at="2022-03-19T12:06:51Z" duration-ms="30559">
      <class name="cmcoretest.Verifyurl">
        <test-method is-config="true" signature="method()[pri:0, instance:cmcoretest.Verifyurl@b9b00e0]" started-at="2022-03-19T12:06:20Z" name="method" finished-at="2022-03-19T12:06:21Z" duration-ms="375" status="PASS">
          <reporter-output>
          </reporter-output>
        </test-method> <!-- method -->
        <test-method is-config="true" signature="method2()[pri:0, instance:cmcoretest.Verifyurl@b9b00e0]" started-at="2022-03-19T12:06:21Z" name="method2" finished-at="2022-03-19T12:06:23Z" duration-ms="2602" status="PASS">
          <reporter-output>
          </reporter-output>
        </test-method> <!-- method2 -->
        <test-method signature="validateurl()[pri:0, instance:cmcoretest.Verifyurl@b9b00e0]" started-at="2022-03-19T12:06:23Z" name="validateurl" finished-at="2022-03-19T12:06:51Z" duration-ms="27319" status="PASS">
          <reporter-output>
          </reporter-output>
        </test-method> <!-- validateurl -->
        <test-method is-config="true" signature="method3()[pri:0, instance:cmcoretest.Verifyurl@b9b00e0]" started-at="2022-03-19T12:06:51Z" name="method3" finished-at="2022-03-19T12:06:51Z" duration-ms="596" status="PASS">
          <reporter-output>
          </reporter-output>
        </test-method> <!-- method3 -->
        <test-method is-config="true" signature="method4()[pri:0, instance:cmcoretest.Verifyurl@b9b00e0]" started-at="2022-03-19T12:06:51Z" name="method4" finished-at="2022-03-19T12:06:52Z" duration-ms="730" status="PASS">
          <reporter-output>
          </reporter-output>
        </test-method> <!-- method4 -->
      </class> <!-- cmcoretest.Verifyurl -->
    </test> <!-- Default test -->
  </suite> <!-- Default suite -->
</testng-results>
